2023-03-14 13:01:05 [debug]:13:01:05 220 QStyleFactory::keys ("windowsvista", "Windows", "Fusion")
2023-03-14 13:01:05 [debug]:读取DataCirculation配置文件
2023-03-14 13:01:05 [warning][QMetaObject::connectSlotsByName]:QMetaObject::connectSlotsByName: No matching signal for on_pushButton_clicked()
2023-03-14 13:01:05 [warning][QMetaObject::connectSlotsByName]:QMetaObject::connectSlotsByName: No matching signal for on_pushButton_yincang_clicked()
2023-03-14 13:01:05 [debug]:注册数据点 test
2023-03-14 13:01:05 [debug]:RegisterDataPoint:register success! 

2023-03-14 13:01:05 [debug]:1 

2023-03-14 13:01:05 [debug]:try to switch 1 device, 1 windows
2023-03-14 13:01:08 [debug]:try to switch 1 device, 2 windows
2023-03-14 13:01:08 [debug]:try to switch 1 device, 3 windows
2023-03-14 13:01:09 [debug]:try to switch 1 device, 4 windows
2023-03-14 13:01:09 [debug]:try to switch 1 device, 5 windows
2023-03-14 13:01:10 [debug]:try to switch 1 device, 1 windows
2023-03-14 13:01:51 [debug]:try to switch 1 device, 5 windows
2023-03-14 13:04:09 [debug]:try to switch 1 device, 1 windows
2023-03-14 13:04:22 [debug]:开始启动连接
2023-03-14 13:05:13 [debug]:关闭了连接
2023-03-14 13:05:13 [debug]:try to switch 1 device, 1 windows
2023-03-14 13:05:13 [critical]:连接超时 
(E:/Desktop/WirelessMonitor/components/ChannelConfiguration/channelconfiguration.cpp:240, ChannelConfiguration::OnConnect()::<lambda()>)

2023-03-14 13:06:17 [debug]:try to switch 1 device, 5 windows
2023-03-14 13:06:18 [debug]:try to switch 1 device, 4 windows
2023-03-14 13:06:18 [debug]:try to switch 1 device, 2 windows
2023-03-14 13:06:19 [debug]:try to switch 1 device, 1 windows
2023-03-14 13:06:19 [debug]:try to switch 1 device, 3 windows
2023-03-14 13:06:21 [debug]:try to switch 1 device, 4 windows
2023-03-14 13:06:21 [debug]:try to switch 1 device, 5 windows
2023-03-14 13:06:22 [debug]:try to switch 1 device, 4 windows
2023-03-14 13:06:25 [debug]:写入DataCirculation配置文件
2023-03-14 13:06:43 [debug]:写入DataCirculation配置文件
2023-03-14 13:06:44 [debug]:写入DataCirculation配置文件
2023-03-14 13:06:46 [debug]:写入DataCirculation配置文件
2023-03-14 13:06:48 [debug]:try to switch 1 device, 2 windows
2023-03-14 13:06:49 [debug]:try to switch 1 device, 3 windows
2023-03-14 13:06:50 [debug]:try to switch 1 device, 1 windows
2023-03-14 13:06:51 [debug]:try to switch 1 device, 3 windows
2023-03-14 13:06:51 [debug]:try to switch 1 device, 4 windows
2023-03-14 13:06:51 [debug]:try to switch 1 device, 5 windows
2023-03-14 13:06:52 [debug]:try to switch 1 device, 3 windows
2023-03-14 13:06:52 [debug]:try to switch 1 device, 2 windows
2023-03-14 13:06:53 [debug]:try to switch 1 device, 1 windows
2023-03-14 13:09:34 [debug]:try to switch 1 device, 2 windows
2023-03-14 13:16:23 [debug]:13:16:23 063 QStyleFactory::keys ("windowsvista", "Windows", "Fusion")
2023-03-14 13:16:23 [debug]:读取DataCirculation配置文件
2023-03-14 13:16:23 [warning][QMetaObject::connectSlotsByName]:QMetaObject::connectSlotsByName: No matching signal for on_pushButton_clicked()
2023-03-14 13:16:23 [warning][QMetaObject::connectSlotsByName]:QMetaObject::connectSlotsByName: No matching signal for on_pushButton_yincang_clicked()
2023-03-14 13:16:23 [debug]:注册数据点 test
2023-03-14 13:16:23 [debug]:RegisterDataPoint:register success! 

2023-03-14 13:16:23 [debug]:1 

2023-03-14 13:16:23 [debug]:try to switch 1 device, 1 windows
2023-03-14 13:16:25 [debug]:try to switch 1 device, 2 windows
2023-03-14 13:16:26 [debug]:try to switch 1 device, 3 windows
2023-03-14 13:16:26 [debug]:try to switch 1 device, 4 windows
2023-03-14 13:16:26 [debug]:try to switch 1 device, 5 windows
2023-03-14 13:16:27 [debug]:try to switch 1 device, 1 windows
2023-03-14 13:16:28 [debug]:try to switch 1 device, 2 windows
2023-03-14 13:17:28 [debug]:No connection found
2023-03-14 13:17:29 [debug]:try to switch 1 device, 3 windows
2023-03-14 13:17:30 [debug]:try to switch 1 device, 4 windows
2023-03-14 13:17:31 [debug]:try to switch 1 device, 5 windows
2023-03-14 13:20:47 [debug]:try to switch 1 device, 4 windows
2023-03-14 13:20:49 [debug]:写入DataCirculation配置文件
2023-03-14 13:20:51 [debug]:写入DataCirculation配置文件
2023-03-14 13:20:52 [debug]:try to switch 1 device, 3 windows
2023-03-14 13:20:52 [debug]:try to switch 1 device, 2 windows
2023-03-14 13:20:53 [debug]:try to switch 1 device, 1 windows
2023-03-14 13:21:21 [debug]:开始启动连接
2023-03-14 13:21:37 [debug]:try to switch 1 device, 2 windows
2023-03-14 13:21:37 [debug]:try to switch 1 device, 3 windows
2023-03-14 13:21:38 [debug]:try to switch 1 device, 1 windows
2023-03-14 13:21:39 [debug]:try to switch 1 device, 2 windows
2023-03-14 13:21:39 [debug]:try to switch 1 device, 3 windows
2023-03-14 13:21:40 [debug]:try to switch 1 device, 4 windows
2023-03-14 13:21:40 [debug]:try to switch 1 device, 5 windows
2023-03-14 13:21:40 [debug]:try to switch 1 device, 4 windows
2023-03-14 13:21:41 [debug]:try to switch 1 device, 3 windows
2023-03-14 13:21:41 [debug]:try to switch 1 device, 3 windows
2023-03-14 13:21:41 [debug]:try to switch 1 device, 2 windows
2023-03-14 13:21:41 [debug]:try to switch 1 device, 1 windows
2023-03-14 13:21:42 [debug]:try to switch 1 device, 3 windows
2023-03-14 13:21:42 [debug]:try to switch 1 device, 5 windows
2023-03-14 13:21:43 [debug]:try to switch 1 device, 5 windows
2023-03-14 13:21:43 [debug]:try to switch 1 device, 4 windows
2023-03-14 13:21:43 [debug]:try to switch 1 device, 3 windows
2023-03-14 13:21:44 [debug]:try to switch 1 device, 2 windows
2023-03-14 13:21:44 [debug]:try to switch 1 device, 2 windows
2023-03-14 13:21:44 [debug]:try to switch 1 device, 1 windows
2023-03-14 13:21:45 [debug]:try to switch 1 device, 5 windows
2023-03-14 13:21:46 [debug]:try to switch 1 device, 5 windows
2023-03-14 13:21:46 [debug]:try to switch 1 device, 3 windows
2023-03-14 13:21:46 [debug]:try to switch 1 device, 2 windows
2023-03-14 13:21:47 [debug]:try to switch 1 device, 1 windows
2023-03-14 13:21:48 [debug]:try to switch 1 device, 4 windows
2023-03-14 13:21:48 [debug]:try to switch 1 device, 3 windows
2023-03-14 13:21:49 [debug]:try to switch 1 device, 2 windows
2023-03-14 13:21:49 [debug]:try to switch 1 device, 1 windows
2023-03-14 13:21:50 [debug]:try to switch 1 device, 2 windows
2023-03-14 13:21:50 [debug]:try to switch 1 device, 2 windows
2023-03-14 13:21:50 [debug]:try to switch 1 device, 2 windows
2023-03-14 13:21:51 [debug]:try to switch 1 device, 1 windows
2023-03-14 13:21:51 [debug]:try to switch 1 device, 2 windows
2023-03-14 13:22:03 [debug]:No connection found
2023-03-14 13:22:05 [debug]:No connection found
2023-03-14 13:22:10 [debug]:关闭了连接
2023-03-14 13:22:10 [debug]:try to switch 1 device, 1 windows
2023-03-14 13:22:10 [critical]:连接超时 
(E:/Desktop/WirelessMonitor/components/ChannelConfiguration/channelconfiguration.cpp:240, ChannelConfiguration::OnConnect()::<lambda()>)

2023-03-14 13:22:13 [debug]:开始启动连接
2023-03-14 13:22:45 [debug]:try to switch 1 device, 2 windows
2023-03-14 13:22:46 [debug]:try to switch 1 device, 3 windows
2023-03-14 13:22:46 [debug]:try to switch 1 device, 5 windows
2023-03-14 13:22:47 [debug]:try to switch 1 device, 4 windows
2023-03-14 13:22:47 [debug]:try to switch 1 device, 5 windows
2023-03-14 13:22:48 [debug]:try to switch 1 device, 3 windows
2023-03-14 13:22:48 [debug]:try to switch 1 device, 2 windows
2023-03-14 13:22:48 [debug]:try to switch 1 device, 2 windows
2023-03-14 13:22:49 [debug]:try to switch 1 device, 1 windows
2023-03-14 13:22:49 [debug]:try to switch 1 device, 3 windows
2023-03-14 13:22:51 [debug]:工作在测试模式，发送通道的comboBox设置错误为正常现象
2023-03-14 13:22:52 [debug]:工作在测试模式，发送通道的comboBox设置错误为正常现象
2023-03-14 13:22:52 [warning][QAbstractSocket::connectToHost]:QAbstractSocket::connectToHost() called when already looking up or connecting/connected to "127.0.0.1"
2023-03-14 13:22:52 [warning][QAbstractSocket::connectToHost]:QAbstractSocket::connectToHost() called when already looking up or connecting/connected to "127.0.0.1"
2023-03-14 13:22:52 [warning][QAbstractSocket::connectToHost]:QAbstractSocket::connectToHost() called when already looking up or connecting/connected to "127.0.0.1"
2023-03-14 13:23:01 [debug]:关闭了连接
2023-03-14 13:23:01 [debug]:try to switch 1 device, 1 windows
2023-03-14 13:23:01 [critical]:连接超时 
(E:/Desktop/WirelessMonitor/components/ChannelConfiguration/channelconfiguration.cpp:240, ChannelConfiguration::OnConnect()::<lambda()>)

2023-03-14 13:23:02 [debug]:try to switch 1 device, 2 windows
2023-03-14 13:23:03 [debug]:try to switch 1 device, 1 windows
2023-03-14 13:24:01 [debug]:try to switch 1 device, 1 windows
2023-03-14 13:24:01 [debug]:try to switch 1 device, 2 windows
2023-03-14 13:24:02 [debug]:try to switch 1 device, 1 windows
2023-03-14 13:24:34 [debug]:try to switch 1 device, 2 windows
2023-03-14 13:24:34 [debug]:try to switch 1 device, 3 windows
2023-03-14 13:24:35 [debug]:try to switch 1 device, 5 windows
2023-03-14 13:24:35 [debug]:try to switch 1 device, 4 windows
2023-03-14 13:24:36 [debug]:try to switch 1 device, 3 windows
2023-03-14 13:24:36 [debug]:try to switch 1 device, 3 windows
2023-03-14 13:24:36 [debug]:try to switch 1 device, 2 windows
2023-03-14 13:24:36 [debug]:try to switch 1 device, 1 windows
2023-03-14 13:25:00 [debug]:开始启动连接
2023-03-14 13:25:56 [debug]:关闭了连接
2023-03-14 13:25:56 [debug]:try to switch 1 device, 1 windows
2023-03-14 13:25:56 [critical]:连接超时 
(E:/Desktop/WirelessMonitor/components/ChannelConfiguration/channelconfiguration.cpp:240, ChannelConfiguration::OnConnect()::<lambda()>)

2023-03-14 13:26:03 [debug]:try to switch 1 device, 2 windows
2023-03-14 13:26:26 [debug]:No connection found
2023-03-14 13:26:41 [debug]:try to switch 1 device, 1 windows
2023-03-14 13:26:42 [debug]:try to switch 1 device, 3 windows
2023-03-14 13:26:44 [debug]:工作在测试模式，发送通道的comboBox设置错误为正常现象
2023-03-14 13:27:42 [debug]:工作在测试模式，发送通道的comboBox设置错误为正常现象
2023-03-14 13:28:06 [debug]:try to switch 1 device, 4 windows
2023-03-14 13:28:08 [debug]:try to switch 1 device, 2 windows
2023-03-14 13:28:08 [debug]:try to switch 1 device, 3 windows
2023-03-14 13:28:09 [debug]:try to switch 1 device, 2 windows
2023-03-14 13:28:11 [debug]:try to switch 1 device, 3 windows
2023-03-14 13:28:12 [debug]:try to switch 1 device, 2 windows
2023-03-14 13:28:21 [debug]:No connection found
2023-03-14 13:28:28 [debug]:No connection found
2023-03-14 13:28:57 [debug]:try to switch 1 device, 3 windows
2023-03-14 13:28:58 [debug]:try to switch 1 device, 1 windows
2023-03-14 13:29:00 [debug]:try to switch 1 device, 3 windows
2023-03-14 13:29:01 [debug]:try to switch 1 device, 5 windows
2023-03-14 13:29:01 [debug]:try to switch 1 device, 4 windows
2023-03-14 13:29:02 [debug]:try to switch 1 device, 3 windows
2023-03-14 13:29:02 [debug]:try to switch 1 device, 2 windows
2023-03-14 13:29:02 [debug]:try to switch 1 device, 1 windows
2023-03-14 13:29:03 [debug]:try to switch 1 device, 3 windows
2023-03-14 13:29:03 [debug]:try to switch 1 device, 4 windows
2023-03-14 13:29:04 [debug]:try to switch 1 device, 5 windows
2023-03-14 13:29:04 [debug]:try to switch 1 device, 4 windows
2023-03-14 13:29:04 [debug]:try to switch 1 device, 3 windows
2023-03-14 13:29:05 [debug]:try to switch 1 device, 2 windows
2023-03-14 13:29:05 [debug]:try to switch 1 device, 1 windows
2023-03-14 13:29:06 [debug]:try to switch 1 device, 2 windows
2023-03-14 13:29:06 [debug]:try to switch 1 device, 3 windows
2023-03-14 13:29:07 [debug]:try to switch 1 device, 4 windows
2023-03-14 13:29:08 [debug]:try to switch 1 device, 5 windows
2023-03-14 13:29:08 [debug]:try to switch 1 device, 4 windows
2023-03-14 13:29:09 [debug]:try to switch 1 device, 3 windows
2023-03-14 13:29:10 [debug]:try to switch 1 device, 2 windows
2023-03-14 13:29:10 [debug]:try to switch 1 device, 1 windows
